14:27:33: Creating resource group General
14:27:33: Creating resource group Internal
14:27:33: Creating resource group Autodetect
14:27:33: SceneManagerFactory for type 'DefaultSceneManager' registered.
14:27:33: Registering ResourceManager for type Material
14:27:33: Registering ResourceManager for type Mesh
14:27:33: Registering ResourceManager for type Skeleton
14:27:33: MovableObjectFactory for type 'ParticleSystem' registered.
14:27:33: ArchiveFactory for archive type FileSystem registered.
14:27:33: ArchiveFactory for archive type Zip registered.
14:27:33: ArchiveFactory for archive type EmbeddedZip registered.
14:27:33: DDS codec registering
14:27:33: FreeImage version: 3.15.3
14:27:33: This program uses FreeImage, a free, open source image library supporting all common bitmap formats. See http://freeimage.sourceforge.net for details
14:27:33: Supported formats: bmp,ico,jpg,jif,jpeg,jpe,jng,koa,iff,lbm,mng,pbm,pbm,pcd,pcx,pgm,pgm,png,ppm,ppm,ras,tga,targa,tif,tiff,wap,wbmp,wbm,psd,cut,xbm,xpm,gif,hdr,g3,sgi,exr,j2k,j2c,jp2,pfm,pct,pict,pic,3fr,arw,bay,bmq,cap,cine,cr2,crw,cs1,dc2,dcr,drf,dsc,dng,erf,fff,ia,iiq,k25,kc2,kdc,mdc,mef,mos,mrw,nef,nrw,orf,pef,ptx,pxn,qtk,raf,raw,rdc,rw2,rwl,rwz,sr2,srf,srw,sti
14:27:33: Registering ResourceManager for type HighLevelGpuProgram
14:27:33: Registering ResourceManager for type Compositor
14:27:33: MovableObjectFactory for type 'Entity' registered.
14:27:33: MovableObjectFactory for type 'Light' registered.
14:27:33: MovableObjectFactory for type 'BillboardSet' registered.
14:27:33: MovableObjectFactory for type 'ManualObject' registered.
14:27:33: MovableObjectFactory for type 'BillboardChain' registered.
14:27:33: MovableObjectFactory for type 'RibbonTrail' registered.
14:27:33: Loading library ./RenderSystem_Direct3D9_d.dll
14:27:33: OGRE EXCEPTION(7:InternalErrorException): Could not load dynamic library ./RenderSystem_Direct3D9_d.dll.  System Error: The specified module could not be found.
 in DynLib::load at ..\..\..\..\OgreMain\src\OgreDynLib.cpp (line 109)
